[debug] [2018-09-18T21:56:05.288Z] ----------------------------------------------------------------------
[debug] [2018-09-18T21:56:05.319Z] Command:       C:\Program Files\nodejs\node.exe C:\Users\Maye\Documents\GitHub\devfestNBO\node_modules\firebase-tools\bin\firebase firestore:delete -r --all-collections
[debug] [2018-09-18T21:56:05.319Z] CLI Version:   3.19.3
[debug] [2018-09-18T21:56:05.319Z] Platform:      win32
[debug] [2018-09-18T21:56:05.319Z] Node Version:  v9.1.0
[debug] [2018-09-18T21:56:05.319Z] Time:          Wed Sep 19 2018 00:56:05 GMT+0300 (E. Africa Standard Time)
[debug] [2018-09-18T21:56:05.319Z] ----------------------------------------------------------------------
[debug] 
[debug] [2018-09-18T21:56:05.460Z] > command requires scopes: ["email","openid","https://www.googleapis.com/auth/cloudplatformprojects.readonly","https://www.googleapis.com/auth/firebase","https://www.googleapis.com/auth/cloud-platform"]
[debug] [2018-09-18T21:56:05.460Z] > authorizing via signed-in user
[debug] [2018-09-18T21:56:05.476Z] > refreshing access token with scopes: ["email","https://www.googleapis.com/auth/cloud-platform","https://www.googleapis.com/auth/cloudplatformprojects.readonly","https://www.googleapis.com/auth/firebase","openid"]
[debug] [2018-09-18T21:56:05.476Z] >>> HTTP REQUEST POST https://www.googleapis.com/oauth2/v3/token  
 { refresh_token: '1/l0AcovBAM9LUIlrJG6ZDptAroxWnrmBqQ72LOXVMA9ATeVuR4Q2nnhpgR6QGm6Af',
  client_id: '563584335869-fgrhgmd47bqnekij5i8b5pr03ho849e6.apps.googleusercontent.com',
  client_secret: 'j9iVZfS8kkCEFUPaAeJV0sAi',
  grant_type: 'refresh_token',
  scope: 'email https://www.googleapis.com/auth/cloud-platform https://www.googleapis.com/auth/cloudplatformprojects.readonly https://www.googleapis.com/auth/firebase openid' } 
 Wed Sep 19 2018 00:56:05 GMT+0300 (E. Africa Standard Time)
[debug] [2018-09-18T21:56:06.359Z] <<< HTTP RESPONSE 200
[debug] [2018-09-18T21:56:06.559Z] >>> HTTP REQUEST GET https://admin.firebase.com/v1/projects/eventsbymaye  
  
 Wed Sep 19 2018 00:56:06 GMT+0300 (E. Africa Standard Time)
[debug] [2018-09-18T21:56:08.094Z] <<< HTTP RESPONSE 200
[debug] [2018-09-18T21:56:08.096Z] >>> HTTP REQUEST GET https://admin.firebase.com/v1/database/eventsbymaye/tokens  
  
 Wed Sep 19 2018 00:56:08 GMT+0300 (E. Africa Standard Time)
[debug] [2018-09-18T21:56:09.039Z] <<< HTTP RESPONSE 200
